# JRE version: Java(TM) SE Runtime Environment (8.0_111-b14) (build 1.8.0_111-b14)
# Java VM: Java HotSpot(TM) 64-Bit Server VM (25.111-b14 mixed mode linux-amd64 compressed oops)
Heap:
 PSYoungGen      total 164864K, used 5016K [0x00000000eab00000, 0x00000000f6780000, 0x0000000100000000)
  eden space 150528K, 0% used [0x00000000eab00000,0x00000000eab00000,0x00000000f3e00000)
  from space 14336K, 34% used [0x00000000f5980000,0x00000000f5e66170,0x00000000f6780000)
  to   space 18944K, 0% used [0x00000000f4280000,0x00000000f4280000,0x00000000f5500000)
 ParOldGen       total 53760K, used 53312K [0x00000000c0000000, 0x00000000c3480000, 0x00000000eab00000)
  object space 53760K, 99% used [0x00000000c0000000,0x00000000c3410008,0x00000000c3480000)
 Metaspace       used 64274K, capacity 65550K, committed 65792K, reserved 1105920K
  class space    used 8314K, capacity 8632K, committed 8704K, reserved 1048576K
GC Heap History (10 events):
Event: 24.969 GC heap after
Heap after GC invocations=17 (full 2):
 PSYoungGen      total 138752K, used 6114K [0x00000000eab00000, 0x00000000f4580000, 0x0000000100000000)
  eden space 122368K, 0% used [0x00000000eab00000,0x00000000eab00000,0x00000000f2280000)
  from space 16384K, 37% used [0x00000000f2280000,0x00000000f2878960,0x00000000f3280000)
  to   space 15872K, 0% used [0x00000000f3600000,0x00000000f3600000,0x00000000f4580000)
 ParOldGen       total 53760K, used 39688K [0x00000000c0000000, 0x00000000c3480000, 0x00000000eab00000)
  object space 53760K, 73% used [0x00000000c0000000,0x00000000c26c2078,0x00000000c3480000)
 Metaspace       used 53825K, capacity 54826K, committed 55040K, reserved 1097728K
  class space    used 7345K, capacity 7628K, committed 7680K, reserved 1048576K
}
Event: 24.969 GC heap before
{Heap before GC invocations=18 (full 3):
 PSYoungGen      total 138752K, used 6114K [0x00000000eab00000, 0x00000000f4580000, 0x0000000100000000)
  eden space 122368K, 0% used [0x00000000eab00000,0x00000000eab00000,0x00000000f2280000)
  from space 16384K, 37% used [0x00000000f2280000,0x00000000f2878960,0x00000000f3280000)
  to   space 15872K, 0% used [0x00000000f3600000,0x00000000f3600000,0x00000000f4580000)
 ParOldGen       total 53760K, used 39688K [0x00000000c0000000, 0x00000000c3480000, 0x00000000eab00000)
  object space 53760K, 73% used [0x00000000c0000000,0x00000000c26c2078,0x00000000c3480000)
 Metaspace       used 53825K, capacity 54826K, committed 55040K, reserved 1097728K
  class space    used 7345K, capacity 7628K, committed 7680K, reserved 1048576K
Event: 25.265 GC heap after
Heap after GC invocations=18 (full 3):
 PSYoungGen      total 138752K, used 0K [0x00000000eab00000, 0x00000000f4580000, 0x0000000100000000)
  eden space 122368K, 0% used [0x00000000eab00000,0x00000000eab00000,0x00000000f2280000)
  from space 16384K, 0% used [0x00000000f2280000,0x00000000f2280000,0x00000000f3280000)
  to   space 15872K, 0% used [0x00000000f3600000,0x00000000f3600000,0x00000000f4580000)
 ParOldGen       total 53760K, used 34482K [0x00000000c0000000, 0x00000000c3480000, 0x00000000eab00000)
  object space 53760K, 64% used [0x00000000c0000000,0x00000000c21ac818,0x00000000c3480000)
 Metaspace       used 53825K, capacity 54826K, committed 55040K, reserved 1097728K
  class space    used 7345K, capacity 7628K, committed 7680K, reserved 1048576K
}
Event: 300.553 GC heap before
{Heap before GC invocations=19 (full 3):
 PSYoungGen      total 138752K, used 122368K [0x00000000eab00000, 0x00000000f4580000, 0x0000000100000000)
  eden space 122368K, 100% used [0x00000000eab00000,0x00000000f2280000,0x00000000f2280000)
  from space 16384K, 0% used [0x00000000f2280000,0x00000000f2280000,0x00000000f3280000)
  to   space 15872K, 0% used [0x00000000f3600000,0x00000000f3600000,0x00000000f4580000)
 ParOldGen       total 53760K, used 34482K [0x00000000c0000000, 0x00000000c3480000, 0x00000000eab00000)
  object space 53760K, 64% used [0x00000000c0000000,0x00000000c21ac818,0x00000000c3480000)
 Metaspace       used 54657K, capacity 55872K, committed 56192K, reserved 1097728K
  class space    used 7387K, capacity 7689K, committed 7808K, reserved 1048576K
Event: 300.565 GC heap after
Heap after GC invocations=19 (full 3):
 PSYoungGen      total 143360K, used 6862K [0x00000000eab00000, 0x00000000f6480000, 0x0000000100000000)
  eden space 127488K, 0% used [0x00000000eab00000,0x00000000eab00000,0x00000000f2780000)
  from space 15872K, 43% used [0x00000000f3600000,0x00000000f3cb3bb8,0x00000000f4580000)
  to   space 14848K, 0% used [0x00000000f2780000,0x00000000f2780000,0x00000000f3600000)
 ParOldGen       total 53760K, used 34490K [0x00000000c0000000, 0x00000000c3480000, 0x00000000eab00000)
  object space 53760K, 64% used [0x00000000c0000000,0x00000000c21ae818,0x00000000c3480000)
 Metaspace       used 54657K, capacity 55872K, committed 56192K, reserved 1097728K
  class space    used 7387K, capacity 7689K, committed 7808K, reserved 1048576K
}
Event: 305.493 GC heap before
{Heap before GC invocations=20 (full 3):
 PSYoungGen      total 143360K, used 134350K [0x00000000eab00000, 0x00000000f6480000, 0x0000000100000000)
  eden space 127488K, 100% used [0x00000000eab00000,0x00000000f2780000,0x00000000f2780000)
  from space 15872K, 43% used [0x00000000f3600000,0x00000000f3cb3bb8,0x00000000f4580000)
  to   space 14848K, 0% used [0x00000000f2780000,0x00000000f2780000,0x00000000f3600000)
 ParOldGen       total 53760K, used 34490K [0x00000000c0000000, 0x00000000c3480000, 0x00000000eab00000)
  object space 53760K, 64% used [0x00000000c0000000,0x00000000c21ae818,0x00000000c3480000)
 Metaspace       used 56579K, capacity 57758K, committed 57856K, reserved 1099776K
  class space    used 7570K, capacity 7886K, committed 7936K, reserved 1048576K
Event: 305.551 GC heap after
Heap after GC invocations=20 (full 3):
 PSYoungGen      total 142336K, used 6121K [0x00000000eab00000, 0x00000000f6780000, 0x0000000100000000)
  eden space 127488K, 0% used [0x00000000eab00000,0x00000000eab00000,0x00000000f2780000)
  from space 14848K, 41% used [0x00000000f2780000,0x00000000f2d7a400,0x00000000f3600000)
  to   space 14336K, 0% used [0x00000000f5980000,0x00000000f5980000,0x00000000f6780000)
 ParOldGen       total 53760K, used 39581K [0x00000000c0000000, 0x00000000c3480000, 0x00000000eab00000)
  object space 53760K, 73% used [0x00000000c0000000,0x00000000c26a7470,0x00000000c3480000)
 Metaspace       used 56579K, capacity 57758K, committed 57856K, reserved 1099776K
  class space    used 7570K, capacity 7886K, committed 7936K, reserved 1048576K
}
Event: 310.391 GC heap before
{Heap before GC invocations=21 (full 3):
 PSYoungGen      total 142336K, used 133609K [0x00000000eab00000, 0x00000000f6780000, 0x0000000100000000)
  eden space 127488K, 100% used [0x00000000eab00000,0x00000000f2780000,0x00000000f2780000)
  from space 14848K, 41% used [0x00000000f2780000,0x00000000f2d7a400,0x00000000f3600000)
  to   space 14336K, 0% used [0x00000000f5980000,0x00000000f5980000,0x00000000f6780000)
 ParOldGen       total 53760K, used 39581K [0x00000000c0000000, 0x00000000c3480000, 0x00000000eab00000)
  object space 53760K, 73% used [0x00000000c0000000,0x00000000c26a7470,0x00000000c3480000)
 Metaspace       used 64274K, capacity 65550K, committed 65792K, reserved 1105920K
  class space    used 8314K, capacity 8632K, committed 8704K, reserved 1048576K
Event: 310.457 GC heap after
Heap after GC invocations=21 (full 3):
 PSYoungGen      total 164864K, used 14305K [0x00000000eab00000, 0x00000000f6780000, 0x0000000100000000)
  eden space 150528K, 0% used [0x00000000eab00000,0x00000000eab00000,0x00000000f3e00000)
  from space 14336K, 99% used [0x00000000f5980000,0x00000000f6778668,0x00000000f6780000)
  to   space 18944K, 0% used [0x00000000f4280000,0x00000000f4280000,0x00000000f5500000)
 ParOldGen       total 53760K, used 46497K [0x00000000c0000000, 0x00000000c3480000, 0x00000000eab00000)
  object space 53760K, 86% used [0x00000000c0000000,0x00000000c2d68478,0x00000000c3480000)
 Metaspace       used 64274K, capacity 65550K, committed 65792K, reserved 1105920K
  class space    used 8314K, capacity 8632K, committed 8704K, reserved 1048576K
}
Event: 310.492 GC heap before
{Heap before GC invocations=22 (full 4):
 PSYoungGen      total 164864K, used 14305K [0x00000000eab00000, 0x00000000f6780000, 0x0000000100000000)
  eden space 150528K, 0% used [0x00000000eab00000,0x00000000eab00000,0x00000000f3e00000)
  from space 14336K, 99% used [0x00000000f5980000,0x00000000f6778668,0x00000000f6780000)
  to   space 18944K, 0% used [0x00000000f4280000,0x00000000f4280000,0x00000000f5500000)
 ParOldGen       total 53760K, used 46497K [0x00000000c0000000, 0x00000000c3480000, 0x00000000eab00000)
  object space 53760K, 86% used [0x00000000c0000000,0x00000000c2d68478,0x00000000c3480000)
 Metaspace       used 64274K, capacity 65550K, committed 65792K, reserved 1105920K
  class space    used 8314K, capacity 8632K, committed 8704K, reserved 1048576K

